# JRE version: OpenJDK Runtime Environment (8.0_152-b01) (build 1.8.0_152-release-915-b01)
# Java VM: OpenJDK 64-Bit Server VM (25.152-b01 mixed mode windows-amd64 compressed oops)
Heap:
 PSYoungGen      total 195072K, used 143042K [0x00000000e0000000, 0x00000000f2200000, 0x0000000100000000)
  eden space 135168K, 61% used [0x00000000e0000000,0x00000000e5131040,0x00000000e8400000)
  from space 59904K, 99% used [0x00000000ecb00000,0x00000000f057f7f8,0x00000000f0580000)
  to   space 72704K, 0% used [0x00000000e8400000,0x00000000e8400000,0x00000000ecb00000)
 ParOldGen       total 116736K, used 102767K [0x00000000a0000000, 0x00000000a7200000, 0x00000000e0000000)
  object space 116736K, 88% used [0x00000000a0000000,0x00000000a645bf80,0x00000000a7200000)
 Metaspace       used 90224K, capacity 99034K, committed 99288K, reserved 1134592K
  class space    used 11459K, capacity 13553K, committed 13568K, reserved 1048576K
GC Heap History (10 events):
Event: 10737.645 GC heap before
{Heap before GC invocations=80 (full 4):
 PSYoungGen      total 175616K, used 175183K [0x00000000e0000000, 0x00000000ed980000, 0x0000000100000000)
  eden space 150016K, 99% used [0x00000000e0000000,0x00000000e9240a40,0x00000000e9280000)
  from space 25600K, 99% used [0x00000000e9880000,0x00000000eb1533c0,0x00000000eb180000)
  to   space 36352K, 0% used [0x00000000eb600000,0x00000000eb600000,0x00000000ed980000)
 ParOldGen       total 116736K, used 85952K [0x00000000a0000000, 0x00000000a7200000, 0x00000000e0000000)
  object space 116736K, 73% used [0x00000000a0000000,0x00000000a53f0180,0x00000000a7200000)
 Metaspace       used 88994K, capacity 97864K, committed 98008K, reserved 1134592K
  class space    used 11393K, capacity 13498K, committed 13568K, reserved 1048576K
Event: 10737.888 GC heap after
Heap after GC invocations=80 (full 4):
 PSYoungGen      total 178176K, used 36332K [0x00000000e0000000, 0x00000000ee400000, 0x0000000100000000)
  eden space 141824K, 0% used [0x00000000e0000000,0x00000000e0000000,0x00000000e8a80000)
  from space 36352K, 99% used [0x00000000eb600000,0x00000000ed97b0d0,0x00000000ed980000)
  to   space 44544K, 0% used [0x00000000e8a80000,0x00000000e8a80000,0x00000000eb600000)
 ParOldGen       total 116736K, used 94018K [0x00000000a0000000, 0x00000000a7200000, 0x00000000e0000000)
  object space 116736K, 80% used [0x00000000a0000000,0x00000000a5bd0ab8,0x00000000a7200000)
 Metaspace       used 88994K, capacity 97864K, committed 98008K, reserved 1134592K
  class space    used 11393K, capacity 13498K, committed 13568K, reserved 1048576K
}
Event: 10816.177 GC heap before
{Heap before GC invocations=81 (full 4):
 PSYoungGen      total 178176K, used 178156K [0x00000000e0000000, 0x00000000ee400000, 0x0000000100000000)
  eden space 141824K, 100% used [0x00000000e0000000,0x00000000e8a80000,0x00000000e8a80000)
  from space 36352K, 99% used [0x00000000eb600000,0x00000000ed97b0d0,0x00000000ed980000)
  to   space 44544K, 0% used [0x00000000e8a80000,0x00000000e8a80000,0x00000000eb600000)
 ParOldGen       total 116736K, used 94018K [0x00000000a0000000, 0x00000000a7200000, 0x00000000e0000000)
  object space 116736K, 80% used [0x00000000a0000000,0x00000000a5bd0ab8,0x00000000a7200000)
 Metaspace       used 89573K, capacity 98416K, committed 98520K, reserved 1134592K
  class space    used 11442K, capacity 13546K, committed 13568K, reserved 1048576K
Event: 10816.775 GC heap after
Heap after GC invocations=81 (full 4):
 PSYoungGen      total 181248K, used 41121K [0x00000000e0000000, 0x00000000ee780000, 0x0000000100000000)
  eden space 136704K, 0% used [0x00000000e0000000,0x00000000e0000000,0x00000000e8580000)
  from space 44544K, 92% used [0x00000000e8a80000,0x00000000eb2a85a8,0x00000000eb600000)
  to   space 50176K, 0% used [0x00000000eb680000,0x00000000eb680000,0x00000000ee780000)
 ParOldGen       total 116736K, used 94098K [0x00000000a0000000, 0x00000000a7200000, 0x00000000e0000000)
  object space 116736K, 80% used [0x00000000a0000000,0x00000000a5be4ab8,0x00000000a7200000)
 Metaspace       used 89573K, capacity 98416K, committed 98520K, reserved 1134592K
  class space    used 11442K, capacity 13546K, committed 13568K, reserved 1048576K
}
Event: 10818.376 GC heap before
{Heap before GC invocations=82 (full 4):
 PSYoungGen      total 181248K, used 177825K [0x00000000e0000000, 0x00000000ee780000, 0x0000000100000000)
  eden space 136704K, 100% used [0x00000000e0000000,0x00000000e8580000,0x00000000e8580000)
  from space 44544K, 92% used [0x00000000e8a80000,0x00000000eb2a85a8,0x00000000eb600000)
  to   space 50176K, 0% used [0x00000000eb680000,0x00000000eb680000,0x00000000ee780000)
 ParOldGen       total 116736K, used 94098K [0x00000000a0000000, 0x00000000a7200000, 0x00000000e0000000)
  object space 116736K, 80% used [0x00000000a0000000,0x00000000a5be4ab8,0x00000000a7200000)
 Metaspace       used 90071K, capacity 98864K, committed 99032K, reserved 1134592K
  class space    used 11449K, capacity 13546K, committed 13568K, reserved 1048576K
Event: 10818.465 GC heap after
Heap after GC invocations=82 (full 4):
 PSYoungGen      total 181248K, used 43957K [0x00000000e0000000, 0x00000000f0400000, 0x0000000100000000)
  eden space 131072K, 0% used [0x00000000e0000000,0x00000000e0000000,0x00000000e8000000)
  from space 50176K, 87% used [0x00000000eb680000,0x00000000ee16d5b8,0x00000000ee780000)
  to   space 55808K, 0% used [0x00000000e8000000,0x00000000e8000000,0x00000000eb680000)
 ParOldGen       total 116736K, used 94106K [0x00000000a0000000, 0x00000000a7200000, 0x00000000e0000000)
  object space 116736K, 80% used [0x00000000a0000000,0x00000000a5be6ab8,0x00000000a7200000)
 Metaspace       used 90071K, capacity 98864K, committed 99032K, reserved 1134592K
  class space    used 11449K, capacity 13546K, committed 13568K, reserved 1048576K
}
Event: 10823.679 GC heap before
{Heap before GC invocations=83 (full 4):
 PSYoungGen      total 181248K, used 175029K [0x00000000e0000000, 0x00000000f0400000, 0x0000000100000000)
  eden space 131072K, 100% used [0x00000000e0000000,0x00000000e8000000,0x00000000e8000000)
  from space 50176K, 87% used [0x00000000eb680000,0x00000000ee16d5b8,0x00000000ee780000)
  to   space 55808K, 0% used [0x00000000e8000000,0x00000000e8000000,0x00000000eb680000)
 ParOldGen       total 116736K, used 94106K [0x00000000a0000000, 0x00000000a7200000, 0x00000000e0000000)
  object space 116736K, 80% used [0x00000000a0000000,0x00000000a5be6ab8,0x00000000a7200000)
 Metaspace       used 90220K, capacity 99034K, committed 99288K, reserved 1134592K
  class space    used 11459K, capacity 13553K, committed 13568K, reserved 1048576K
Event: 10823.742 GC heap after
Heap after GC invocations=83 (full 4):
 PSYoungGen      total 186880K, used 43546K [0x00000000e0000000, 0x00000000f0580000, 0x0000000100000000)
  eden space 131072K, 0% used [0x00000000e0000000,0x00000000e0000000,0x00000000e8000000)
  from space 55808K, 78% used [0x00000000e8000000,0x00000000eaa86988,0x00000000eb680000)
  to   space 59904K, 0% used [0x00000000ecb00000,0x00000000ecb00000,0x00000000f0580000)
 ParOldGen       total 116736K, used 94186K [0x00000000a0000000, 0x00000000a7200000, 0x00000000e0000000)
  object space 116736K, 80% used [0x00000000a0000000,0x00000000a5bfaab8,0x00000000a7200000)
 Metaspace       used 90220K, capacity 99034K, committed 99288K, reserved 1134592K
  class space    used 11459K, capacity 13553K, committed 13568K, reserved 1048576K
}
Event: 10824.756 GC heap before
{Heap before GC invocations=84 (full 4):
 PSYoungGen      total 186880K, used 174618K [0x00000000e0000000, 0x00000000f0580000, 0x0000000100000000)
  eden space 131072K, 100% used [0x00000000e0000000,0x00000000e8000000,0x00000000e8000000)
  from space 55808K, 78% used [0x00000000e8000000,0x00000000eaa86988,0x00000000eb680000)
  to   space 59904K, 0% used [0x00000000ecb00000,0x00000000ecb00000,0x00000000f0580000)
 ParOldGen       total 116736K, used 94186K [0x00000000a0000000, 0x00000000a7200000, 0x00000000e0000000)
  object space 116736K, 80% used [0x00000000a0000000,0x00000000a5bfaab8,0x00000000a7200000)
 Metaspace       used 90224K, capacity 99034K, committed 99288K, reserved 1134592K
  class space    used 11459K, capacity 13553K, committed 13568K, reserved 1048576K
Event: 10824.829 GC heap after
Heap after GC invocations=84 (full 4):
 PSYoungGen      total 195072K, used 59901K [0x00000000e0000000, 0x00000000f2200000, 0x0000000100000000)
  eden space 135168K, 0% used [0x00000000e0000000,0x00000000e0000000,0x00000000e8400000)
  from space 59904K, 99% used [0x00000000ecb00000,0x00000000f057f7f8,0x00000000f0580000)
  to   space 72704K, 0% used [0x00000000e8400000,0x00000000e8400000,0x00000000ecb00000)
 ParOldGen       total 116736K, used 102767K [0x00000000a0000000, 0x00000000a7200000, 0x00000000e0000000)
  object space 116736K, 88% used [0x00000000a0000000,0x00000000a645bf80,0x00000000a7200000)
 Metaspace       used 90224K, capacity 99034K, committed 99288K, reserved 1134592K
  class space    used 11459K, capacity 13553K, committed 13568K, reserved 1048576K
}

